2012-10-31 14:41:36 Error: [MissingConnectionException] Database connection "Mysql" is missing, or could not be created.
#0 /home/xavier/project/github-project/medical-journal/mjapi/lib/Cake/Model/Datasource/DboSource.php(261): Mysql->connect()
#1 /home/xavier/project/github-project/medical-journal/mjapi/lib/Cake/Model/ConnectionManager.php(101): DboSource->__construct(Array)
#2 /home/xavier/project/github-project/medical-journal/mjapi/lib/Cake/Model/Model.php(3157): ConnectionManager::getDataSource('default')
#3 /home/xavier/project/github-project/medical-journal/mjapi/lib/Cake/Model/Model.php(1092): Model->setDataSource('default')
#4 /home/xavier/project/github-project/medical-journal/mjapi/lib/Cake/Model/Model.php(3179): Model->setSource('users')
#5 /home/xavier/project/github-project/medical-journal/mjapi/lib/Cake/Model/Model.php(2630): Model->getDataSource()
#6 /home/xavier/project/github-project/medical-journal/mjapi/app/Controller/UserController.php(13): Model->find('all', Array)
#7 [internal function]: UserController->viewalluser()
#8 /home/xavier/project/github-project/medical-journal/mjapi/lib/Cake/Controller/Controller.php(485): ReflectionMethod->invokeArgs(Object(UserController), Array)
#9 /home/xavier/project/github-project/medical-journal/mjapi/lib/Cake/Routing/Dispatcher.php(186): Controller->invokeAction(Object(CakeRequest))
#10 /home/xavier/project/github-project/medical-journal/mjapi/lib/Cake/Routing/Dispatcher.php(161): Dispatcher->_invoke(Object(UserController), Object(CakeRequest), Object(CakeResponse))
#11 /home/xavier/project/github-project/medical-journal/mjapi/app/webroot/index.php(92): Dispatcher->dispatch(Object(CakeRequest), Object(CakeResponse))
#12 {main}
2012-10-31 14:41:48 Error: [MissingConnectionException] Database connection "Mysql" is missing, or could not be created.
#0 /home/xavier/project/github-project/medical-journal/mjapi/lib/Cake/Model/Datasource/DboSource.php(261): Mysql->connect()
#1 /home/xavier/project/github-project/medical-journal/mjapi/lib/Cake/Model/ConnectionManager.php(101): DboSource->__construct(Array)
#2 /home/xavier/project/github-project/medical-journal/mjapi/lib/Cake/Model/Model.php(3157): ConnectionManager::getDataSource('default')
#3 /home/xavier/project/github-project/medical-journal/mjapi/lib/Cake/Model/Model.php(1092): Model->setDataSource('default')
#4 /home/xavier/project/github-project/medical-journal/mjapi/lib/Cake/Model/Model.php(3179): Model->setSource('users')
#5 /home/xavier/project/github-project/medical-journal/mjapi/lib/Cake/Model/Model.php(2630): Model->getDataSource()
#6 /home/xavier/project/github-project/medical-journal/mjapi/app/Controller/UserController.php(13): Model->find('all', Array)
#7 [internal function]: UserController->viewalluser()
#8 /home/xavier/project/github-project/medical-journal/mjapi/lib/Cake/Controller/Controller.php(485): ReflectionMethod->invokeArgs(Object(UserController), Array)
#9 /home/xavier/project/github-project/medical-journal/mjapi/lib/Cake/Routing/Dispatcher.php(186): Controller->invokeAction(Object(CakeRequest))
#10 /home/xavier/project/github-project/medical-journal/mjapi/lib/Cake/Routing/Dispatcher.php(161): Dispatcher->_invoke(Object(UserController), Object(CakeRequest), Object(CakeResponse))
#11 /home/xavier/project/github-project/medical-journal/mjapi/app/webroot/index.php(92): Dispatcher->dispatch(Object(CakeRequest), Object(CakeResponse))
#12 {main}
2012-10-31 14:44:07 Error: [MissingConnectionException] Database connection "Mysql" is missing, or could not be created.
#0 /home/xavier/project/github-project/medical-journal/mjapi/lib/Cake/Model/Datasource/DboSource.php(261): Mysql->connect()
#1 /home/xavier/project/github-project/medical-journal/mjapi/lib/Cake/Model/ConnectionManager.php(101): DboSource->__construct(Array)
#2 /home/xavier/project/github-project/medical-journal/mjapi/lib/Cake/Model/Model.php(3157): ConnectionManager::getDataSource('default')
#3 /home/xavier/project/github-project/medical-journal/mjapi/lib/Cake/Model/Model.php(1092): Model->setDataSource('default')
#4 /home/xavier/project/github-project/medical-journal/mjapi/lib/Cake/Model/Model.php(3179): Model->setSource('users')
#5 /home/xavier/project/github-project/medical-journal/mjapi/lib/Cake/Model/Model.php(2630): Model->getDataSource()
#6 /home/xavier/project/github-project/medical-journal/mjapi/app/Controller/UserController.php(13): Model->find('all', Array)
#7 [internal function]: UserController->viewalluser()
#8 /home/xavier/project/github-project/medical-journal/mjapi/lib/Cake/Controller/Controller.php(485): ReflectionMethod->invokeArgs(Object(UserController), Array)
#9 /home/xavier/project/github-project/medical-journal/mjapi/lib/Cake/Routing/Dispatcher.php(186): Controller->invokeAction(Object(CakeRequest))
#10 /home/xavier/project/github-project/medical-journal/mjapi/lib/Cake/Routing/Dispatcher.php(161): Dispatcher->_invoke(Object(UserController), Object(CakeRequest), Object(CakeResponse))
#11 /home/xavier/project/github-project/medical-journal/mjapi/app/webroot/index.php(92): Dispatcher->dispatch(Object(CakeRequest), Object(CakeResponse))
#12 {main}
2012-10-31 14:45:11 Error: [MissingConnectionException] Database connection "Mysql" is missing, or could not be created.
#0 /home/xavier/project/github-project/medical-journal/mjapi/lib/Cake/Model/Datasource/DboSource.php(261): Mysql->connect()
#1 /home/xavier/project/github-project/medical-journal/mjapi/lib/Cake/Model/ConnectionManager.php(101): DboSource->__construct(Array)
#2 /home/xavier/project/github-project/medical-journal/mjapi/lib/Cake/Model/Model.php(3157): ConnectionManager::getDataSource('default')
#3 /home/xavier/project/github-project/medical-journal/mjapi/lib/Cake/Model/Model.php(1092): Model->setDataSource('default')
#4 /home/xavier/project/github-project/medical-journal/mjapi/lib/Cake/Model/Model.php(3179): Model->setSource('users')
#5 /home/xavier/project/github-project/medical-journal/mjapi/lib/Cake/Model/Model.php(2630): Model->getDataSource()
#6 /home/xavier/project/github-project/medical-journal/mjapi/app/Controller/UserController.php(13): Model->find('all', Array)
#7 [internal function]: UserController->viewalluser()
#8 /home/xavier/project/github-project/medical-journal/mjapi/lib/Cake/Controller/Controller.php(485): ReflectionMethod->invokeArgs(Object(UserController), Array)
#9 /home/xavier/project/github-project/medical-journal/mjapi/lib/Cake/Routing/Dispatcher.php(186): Controller->invokeAction(Object(CakeRequest))
#10 /home/xavier/project/github-project/medical-journal/mjapi/lib/Cake/Routing/Dispatcher.php(161): Dispatcher->_invoke(Object(UserController), Object(CakeRequest), Object(CakeResponse))
#11 /home/xavier/project/github-project/medical-journal/mjapi/app/webroot/index.php(92): Dispatcher->dispatch(Object(CakeRequest), Object(CakeResponse))
#12 {main}
2012-10-31 14:45:11 Error: [MissingConnectionException] Database connection "Mysql" is missing, or could not be created.
#0 /home/xavier/project/github-project/medical-journal/mjapi/lib/Cake/Model/Datasource/DboSource.php(261): Mysql->connect()
#1 /home/xavier/project/github-project/medical-journal/mjapi/lib/Cake/Model/ConnectionManager.php(101): DboSource->__construct(Array)
#2 /home/xavier/project/github-project/medical-journal/mjapi/lib/Cake/Model/Model.php(3157): ConnectionManager::getDataSource('default')
#3 /home/xavier/project/github-project/medical-journal/mjapi/lib/Cake/Model/Model.php(1092): Model->setDataSource('default')
#4 /home/xavier/project/github-project/medical-journal/mjapi/lib/Cake/Model/Model.php(3179): Model->setSource('users')
#5 /home/xavier/project/github-project/medical-journal/mjapi/lib/Cake/Model/Model.php(2630): Model->getDataSource()
#6 /home/xavier/project/github-project/medical-journal/mjapi/app/Controller/UserController.php(13): Model->find('all', Array)
#7 [internal function]: UserController->viewalluser()
#8 /home/xavier/project/github-project/medical-journal/mjapi/lib/Cake/Controller/Controller.php(485): ReflectionMethod->invokeArgs(Object(UserController), Array)
#9 /home/xavier/project/github-project/medical-journal/mjapi/lib/Cake/Routing/Dispatcher.php(186): Controller->invokeAction(Object(CakeRequest))
#10 /home/xavier/project/github-project/medical-journal/mjapi/lib/Cake/Routing/Dispatcher.php(161): Dispatcher->_invoke(Object(UserController), Object(CakeRequest), Object(CakeResponse))
#11 /home/xavier/project/github-project/medical-journal/mjapi/app/webroot/index.php(92): Dispatcher->dispatch(Object(CakeRequest), Object(CakeResponse))
#12 {main}
2012-10-31 15:33:01 Error: Fatal Error (1): Using $this when not in object context in [/home/xavier/project/github-project/medical-journal/mjapi/app/Controller/UserController.php, line 4]
2012-10-31 15:33:01 Error: [FatalErrorException] Using $this when not in object context
#0 /home/xavier/project/github-project/medical-journal/mjapi/lib/Cake/Error/ErrorHandler.php(161): ErrorHandler::handleFatalError(1, 'Using $this whe...', '/home/xavier/pr...', 4)
#1 [internal function]: ErrorHandler::handleError(1, 'Using $this whe...', '/home/xavier/pr...', 4, Array)
#2 /home/xavier/project/github-project/medical-journal/mjapi/lib/Cake/Core/App.php(926): call_user_func('ErrorHandler::h...', 1, 'Using $this whe...', '/home/xavier/pr...', 4, Array)
#3 /home/xavier/project/github-project/medical-journal/mjapi/lib/Cake/Core/App.php(899): App::_checkFatalError()
#4 [internal function]: App::shutdown()
#5 {main}
2012-10-31 16:00:27 Error: Fatal Error (4): syntax error, unexpected $end, expecting ',' or ';' in [/home/xavier/project/github-project/medical-journal/mjapi/app/View/User/authen.ctp, line 6]
2012-10-31 16:00:27 Error: [FatalErrorException] syntax error, unexpected $end, expecting ',' or ';'
#0 /home/xavier/project/github-project/medical-journal/mjapi/lib/Cake/Error/ErrorHandler.php(161): ErrorHandler::handleFatalError(4, 'syntax error, u...', '/home/xavier/pr...', 6)
#1 [internal function]: ErrorHandler::handleError(4, 'syntax error, u...', '/home/xavier/pr...', 6, Array)
#2 /home/xavier/project/github-project/medical-journal/mjapi/lib/Cake/Core/App.php(926): call_user_func('ErrorHandler::h...', 4, 'syntax error, u...', '/home/xavier/pr...', 6, Array)
#3 /home/xavier/project/github-project/medical-journal/mjapi/lib/Cake/Core/App.php(899): App::_checkFatalError()
#4 [internal function]: App::shutdown()
#5 {main}
2012-10-31 16:00:28 Error: Fatal Error (4): syntax error, unexpected $end, expecting ',' or ';' in [/home/xavier/project/github-project/medical-journal/mjapi/app/View/User/authen.ctp, line 6]
2012-10-31 16:00:28 Error: [FatalErrorException] syntax error, unexpected $end, expecting ',' or ';'
#0 /home/xavier/project/github-project/medical-journal/mjapi/lib/Cake/Error/ErrorHandler.php(161): ErrorHandler::handleFatalError(4, 'syntax error, u...', '/home/xavier/pr...', 6)
#1 [internal function]: ErrorHandler::handleError(4, 'syntax error, u...', '/home/xavier/pr...', 6, Array)
#2 /home/xavier/project/github-project/medical-journal/mjapi/lib/Cake/Core/App.php(926): call_user_func('ErrorHandler::h...', 4, 'syntax error, u...', '/home/xavier/pr...', 6, Array)
#3 /home/xavier/project/github-project/medical-journal/mjapi/lib/Cake/Core/App.php(899): App::_checkFatalError()
#4 [internal function]: App::shutdown()
#5 {main}
2012-10-31 16:10:46 Error: Fatal Error (64): Cannot redeclare UserController::$components in [/home/xavier/project/github-project/medical-journal/mjapi/app/Controller/UserController.php, line 11]
2012-10-31 16:10:46 Error: [FatalErrorException] Cannot redeclare UserController::$components
#0 /home/xavier/project/github-project/medical-journal/mjapi/lib/Cake/Error/ErrorHandler.php(161): ErrorHandler::handleFatalError(64, 'Cannot redeclar...', '/home/xavier/pr...', 11)
#1 [internal function]: ErrorHandler::handleError(64, 'Cannot redeclar...', '/home/xavier/pr...', 11, Array)
#2 /home/xavier/project/github-project/medical-journal/mjapi/lib/Cake/Core/App.php(926): call_user_func('ErrorHandler::h...', 64, 'Cannot redeclar...', '/home/xavier/pr...', 11, Array)
#3 /home/xavier/project/github-project/medical-journal/mjapi/lib/Cake/Core/App.php(899): App::_checkFatalError()
#4 [internal function]: App::shutdown()
#5 {main}
2012-10-31 16:11:12 Error: Fatal Error (64): Cannot redeclare UserController::$components in [/home/xavier/project/github-project/medical-journal/mjapi/app/Controller/UserController.php, line 11]
2012-10-31 16:11:12 Error: [FatalErrorException] Cannot redeclare UserController::$components
#0 /home/xavier/project/github-project/medical-journal/mjapi/lib/Cake/Error/ErrorHandler.php(161): ErrorHandler::handleFatalError(64, 'Cannot redeclar...', '/home/xavier/pr...', 11)
#1 [internal function]: ErrorHandler::handleError(64, 'Cannot redeclar...', '/home/xavier/pr...', 11, Array)
#2 /home/xavier/project/github-project/medical-journal/mjapi/lib/Cake/Core/App.php(926): call_user_func('ErrorHandler::h...', 64, 'Cannot redeclar...', '/home/xavier/pr...', 11, Array)
#3 /home/xavier/project/github-project/medical-journal/mjapi/lib/Cake/Core/App.php(899): App::_checkFatalError()
#4 [internal function]: App::shutdown()
#5 {main}
2012-10-31 16:11:13 Error: Fatal Error (64): Cannot redeclare UserController::$components in [/home/xavier/project/github-project/medical-journal/mjapi/app/Controller/UserController.php, line 11]
2012-10-31 16:11:13 Error: [FatalErrorException] Cannot redeclare UserController::$components
#0 /home/xavier/project/github-project/medical-journal/mjapi/lib/Cake/Error/ErrorHandler.php(161): ErrorHandler::handleFatalError(64, 'Cannot redeclar...', '/home/xavier/pr...', 11)
#1 [internal function]: ErrorHandler::handleError(64, 'Cannot redeclar...', '/home/xavier/pr...', 11, Array)
#2 /home/xavier/project/github-project/medical-journal/mjapi/lib/Cake/Core/App.php(926): call_user_func('ErrorHandler::h...', 64, 'Cannot redeclar...', '/home/xavier/pr...', 11, Array)
#3 /home/xavier/project/github-project/medical-journal/mjapi/lib/Cake/Core/App.php(899): App::_checkFatalError()
#4 [internal function]: App::shutdown()
#5 {main}
2012-10-31 16:11:13 Error: Fatal Error (64): Cannot redeclare UserController::$components in [/home/xavier/project/github-project/medical-journal/mjapi/app/Controller/UserController.php, line 11]
2012-10-31 16:11:13 Error: [FatalErrorException] Cannot redeclare UserController::$components
#0 /home/xavier/project/github-project/medical-journal/mjapi/lib/Cake/Error/ErrorHandler.php(161): ErrorHandler::handleFatalError(64, 'Cannot redeclar...', '/home/xavier/pr...', 11)
#1 [internal function]: ErrorHandler::handleError(64, 'Cannot redeclar...', '/home/xavier/pr...', 11, Array)
#2 /home/xavier/project/github-project/medical-journal/mjapi/lib/Cake/Core/App.php(926): call_user_func('ErrorHandler::h...', 64, 'Cannot redeclar...', '/home/xavier/pr...', 11, Array)
#3 /home/xavier/project/github-project/medical-journal/mjapi/lib/Cake/Core/App.php(899): App::_checkFatalError()
#4 [internal function]: App::shutdown()
#5 {main}
2012-10-31 16:11:13 Error: Fatal Error (64): Cannot redeclare UserController::$components in [/home/xavier/project/github-project/medical-journal/mjapi/app/Controller/UserController.php, line 11]
2012-10-31 16:11:13 Error: [FatalErrorException] Cannot redeclare UserController::$components
#0 /home/xavier/project/github-project/medical-journal/mjapi/lib/Cake/Error/ErrorHandler.php(161): ErrorHandler::handleFatalError(64, 'Cannot redeclar...', '/home/xavier/pr...', 11)
#1 [internal function]: ErrorHandler::handleError(64, 'Cannot redeclar...', '/home/xavier/pr...', 11, Array)
#2 /home/xavier/project/github-project/medical-journal/mjapi/lib/Cake/Core/App.php(926): call_user_func('ErrorHandler::h...', 64, 'Cannot redeclar...', '/home/xavier/pr...', 11, Array)
#3 /home/xavier/project/github-project/medical-journal/mjapi/lib/Cake/Core/App.php(899): App::_checkFatalError()
#4 [internal function]: App::shutdown()
#5 {main}
2012-10-31 16:21:11 Error: Fatal Error (4): syntax error, unexpected ';' in [/home/xavier/project/github-project/medical-journal/mjapi/app/Controller/UserController.php, line 33]
2012-10-31 16:21:11 Error: [FatalErrorException] syntax error, unexpected ';'
#0 /home/xavier/project/github-project/medical-journal/mjapi/lib/Cake/Error/ErrorHandler.php(161): ErrorHandler::handleFatalError(4, 'syntax error, u...', '/home/xavier/pr...', 33)
#1 [internal function]: ErrorHandler::handleError(4, 'syntax error, u...', '/home/xavier/pr...', 33, Array)
#2 /home/xavier/project/github-project/medical-journal/mjapi/lib/Cake/Core/App.php(926): call_user_func('ErrorHandler::h...', 4, 'syntax error, u...', '/home/xavier/pr...', 33, Array)
#3 /home/xavier/project/github-project/medical-journal/mjapi/lib/Cake/Core/App.php(899): App::_checkFatalError()
#4 [internal function]: App::shutdown()
#5 {main}
2012-10-31 16:21:13 Error: Fatal Error (4): syntax error, unexpected ';' in [/home/xavier/project/github-project/medical-journal/mjapi/app/Controller/UserController.php, line 33]
2012-10-31 16:21:13 Error: [FatalErrorException] syntax error, unexpected ';'
#0 /home/xavier/project/github-project/medical-journal/mjapi/lib/Cake/Error/ErrorHandler.php(161): ErrorHandler::handleFatalError(4, 'syntax error, u...', '/home/xavier/pr...', 33)
#1 [internal function]: ErrorHandler::handleError(4, 'syntax error, u...', '/home/xavier/pr...', 33, Array)
#2 /home/xavier/project/github-project/medical-journal/mjapi/lib/Cake/Core/App.php(926): call_user_func('ErrorHandler::h...', 4, 'syntax error, u...', '/home/xavier/pr...', 33, Array)
#3 /home/xavier/project/github-project/medical-journal/mjapi/lib/Cake/Core/App.php(899): App::_checkFatalError()
#4 [internal function]: App::shutdown()
#5 {main}
2012-10-31 16:21:13 Error: Fatal Error (4): syntax error, unexpected ';' in [/home/xavier/project/github-project/medical-journal/mjapi/app/Controller/UserController.php, line 33]
2012-10-31 16:21:13 Error: [FatalErrorException] syntax error, unexpected ';'
#0 /home/xavier/project/github-project/medical-journal/mjapi/lib/Cake/Error/ErrorHandler.php(161): ErrorHandler::handleFatalError(4, 'syntax error, u...', '/home/xavier/pr...', 33)
#1 [internal function]: ErrorHandler::handleError(4, 'syntax error, u...', '/home/xavier/pr...', 33, Array)
#2 /home/xavier/project/github-project/medical-journal/mjapi/lib/Cake/Core/App.php(926): call_user_func('ErrorHandler::h...', 4, 'syntax error, u...', '/home/xavier/pr...', 33, Array)
#3 /home/xavier/project/github-project/medical-journal/mjapi/lib/Cake/Core/App.php(899): App::_checkFatalError()
#4 [internal function]: App::shutdown()
#5 {main}
2012-10-31 16:21:14 Error: Fatal Error (4): syntax error, unexpected ';' in [/home/xavier/project/github-project/medical-journal/mjapi/app/Controller/UserController.php, line 33]
2012-10-31 16:21:14 Error: [FatalErrorException] syntax error, unexpected ';'
#0 /home/xavier/project/github-project/medical-journal/mjapi/lib/Cake/Error/ErrorHandler.php(161): ErrorHandler::handleFatalError(4, 'syntax error, u...', '/home/xavier/pr...', 33)
#1 [internal function]: ErrorHandler::handleError(4, 'syntax error, u...', '/home/xavier/pr...', 33, Array)
#2 /home/xavier/project/github-project/medical-journal/mjapi/lib/Cake/Core/App.php(926): call_user_func('ErrorHandler::h...', 4, 'syntax error, u...', '/home/xavier/pr...', 33, Array)
#3 /home/xavier/project/github-project/medical-journal/mjapi/lib/Cake/Core/App.php(899): App::_checkFatalError()
#4 [internal function]: App::shutdown()
#5 {main}
2012-10-31 16:25:40 Error: Fatal Error (1): Call to a member function write() on a non-object in [/home/xavier/project/github-project/medical-journal/mjapi/app/Controller/UserController.php, line 34]
2012-10-31 16:25:40 Error: [FatalErrorException] Call to a member function write() on a non-object
#0 /home/xavier/project/github-project/medical-journal/mjapi/lib/Cake/Error/ErrorHandler.php(161): ErrorHandler::handleFatalError(1, 'Call to a membe...', '/home/xavier/pr...', 34)
#1 [internal function]: ErrorHandler::handleError(1, 'Call to a membe...', '/home/xavier/pr...', 34, Array)
#2 /home/xavier/project/github-project/medical-journal/mjapi/lib/Cake/Core/App.php(926): call_user_func('ErrorHandler::h...', 1, 'Call to a membe...', '/home/xavier/pr...', 34, Array)
#3 /home/xavier/project/github-project/medical-journal/mjapi/lib/Cake/Core/App.php(899): App::_checkFatalError()
#4 [internal function]: App::shutdown()
#5 {main}
2012-10-31 16:29:49 Error: Fatal Error (4): syntax error, unexpected ';', expecting ')' in [/home/xavier/project/github-project/medical-journal/mjapi/app/Controller/UserController.php, line 34]
2012-10-31 16:29:49 Error: [FatalErrorException] syntax error, unexpected ';', expecting ')'
#0 /home/xavier/project/github-project/medical-journal/mjapi/lib/Cake/Error/ErrorHandler.php(161): ErrorHandler::handleFatalError(4, 'syntax error, u...', '/home/xavier/pr...', 34)
#1 [internal function]: ErrorHandler::handleError(4, 'syntax error, u...', '/home/xavier/pr...', 34, Array)
#2 /home/xavier/project/github-project/medical-journal/mjapi/lib/Cake/Core/App.php(926): call_user_func('ErrorHandler::h...', 4, 'syntax error, u...', '/home/xavier/pr...', 34, Array)
#3 /home/xavier/project/github-project/medical-journal/mjapi/lib/Cake/Core/App.php(899): App::_checkFatalError()
#4 [internal function]: App::shutdown()
#5 {main}
2012-10-31 16:29:50 Error: Fatal Error (4): syntax error, unexpected ';', expecting ')' in [/home/xavier/project/github-project/medical-journal/mjapi/app/Controller/UserController.php, line 34]
2012-10-31 16:29:50 Error: [FatalErrorException] syntax error, unexpected ';', expecting ')'
#0 /home/xavier/project/github-project/medical-journal/mjapi/lib/Cake/Error/ErrorHandler.php(161): ErrorHandler::handleFatalError(4, 'syntax error, u...', '/home/xavier/pr...', 34)
#1 [internal function]: ErrorHandler::handleError(4, 'syntax error, u...', '/home/xavier/pr...', 34, Array)
#2 /home/xavier/project/github-project/medical-journal/mjapi/lib/Cake/Core/App.php(926): call_user_func('ErrorHandler::h...', 4, 'syntax error, u...', '/home/xavier/pr...', 34, Array)
#3 /home/xavier/project/github-project/medical-journal/mjapi/lib/Cake/Core/App.php(899): App::_checkFatalError()
#4 [internal function]: App::shutdown()
#5 {main}
2012-10-31 16:29:51 Error: Fatal Error (4): syntax error, unexpected ';', expecting ')' in [/home/xavier/project/github-project/medical-journal/mjapi/app/Controller/UserController.php, line 34]
2012-10-31 16:29:51 Error: [FatalErrorException] syntax error, unexpected ';', expecting ')'
#0 /home/xavier/project/github-project/medical-journal/mjapi/lib/Cake/Error/ErrorHandler.php(161): ErrorHandler::handleFatalError(4, 'syntax error, u...', '/home/xavier/pr...', 34)
#1 [internal function]: ErrorHandler::handleError(4, 'syntax error, u...', '/home/xavier/pr...', 34, Array)
#2 /home/xavier/project/github-project/medical-journal/mjapi/lib/Cake/Core/App.php(926): call_user_func('ErrorHandler::h...', 4, 'syntax error, u...', '/home/xavier/pr...', 34, Array)
#3 /home/xavier/project/github-project/medical-journal/mjapi/lib/Cake/Core/App.php(899): App::_checkFatalError()
#4 [internal function]: App::shutdown()
#5 {main}
